# JRE version: OpenJDK Runtime Environment (16.0.1+9) (build 16.0.1+9-24)
# Java VM: OpenJDK 64-Bit Server VM (16.0.1+9-24, mixed mode, sharing, tiered, compressed oops, compressed class ptrs, g1 gc, windows-amd64)
GC Precious Log:
 CPUs: 4 total, 4 available
 Memory: 11977M
 Large Page Support: Disabled
 NUMA Support: Disabled
 Compressed Oops: Enabled (Zero based)
 Heap Region Size: 2M
 Heap Min Capacity: 8M
 Heap Initial Capacity: 188M
 Heap Max Capacity: 2996M
 Pre-touch: Disabled
 Parallel Workers: 4
 Concurrent Workers: 1
 Concurrent Refinement Workers: 4
 Periodic GC: Disabled
Heap:
 garbage-first heap   total 192512K, used 67180K [0x0000000744c00000, 0x0000000800000000)
  region size 2048K, 33 young (67584K), 2 survivors (4096K)
 Metaspace       used 16155K, committed 16384K, reserved 1064960K
  class space    used 1932K, committed 2048K, reserved 1048576K
GC Heap History (6 events):
Event: 2.890 GC heap before
{Heap before GC invocations=0 (full 0):
 garbage-first heap   total 192512K, used 10240K [0x0000000744c00000, 0x0000000800000000)
  region size 2048K, 6 young (12288K), 0 survivors (0K)
 Metaspace       used 2666K, committed 2816K, reserved 1056768K
  class space    used 235K, committed 320K, reserved 1048576K
}
Event: 2.894 GC heap after
{Heap after GC invocations=1 (full 0):
 garbage-first heap   total 192512K, used 5472K [0x0000000744c00000, 0x0000000800000000)
  region size 2048K, 1 young (2048K), 1 survivors (2048K)
 Metaspace       used 2666K, committed 2816K, reserved 1056768K
  class space    used 235K, committed 320K, reserved 1048576K
}
Event: 3.089 GC heap before
{Heap before GC invocations=1 (full 0):
 garbage-first heap   total 192512K, used 13664K [0x0000000744c00000, 0x0000000800000000)
  region size 2048K, 5 young (10240K), 1 survivors (2048K)
 Metaspace       used 5429K, committed 5568K, reserved 1056768K
  class space    used 578K, committed 640K, reserved 1048576K
}
Event: 3.091 GC heap after
{Heap after GC invocations=2 (full 0):
 garbage-first heap   total 192512K, used 6423K [0x0000000744c00000, 0x0000000800000000)
  region size 2048K, 1 young (2048K), 1 survivors (2048K)
 Metaspace       used 5429K, committed 5568K, reserved 1056768K
  class space    used 578K, committed 640K, reserved 1048576K
}
Event: 3.424 GC heap before
{Heap before GC invocations=2 (full 0):
 garbage-first heap   total 192512K, used 26903K [0x0000000744c00000, 0x0000000800000000)
  region size 2048K, 12 young (24576K), 1 survivors (2048K)
 Metaspace       used 11286K, committed 11520K, reserved 1064960K
  class space    used 1312K, committed 1472K, reserved 1048576K
}
Event: 3.427 GC heap after
{Heap after GC invocations=3 (full 0):
 garbage-first heap   total 192512K, used 7788K [0x0000000744c00000, 0x0000000800000000)
  region size 2048K, 2 young (4096K), 2 survivors (4096K)
 Metaspace       used 11286K, committed 11520K, reserved 1064960K
  class space    used 1312K, committed 1472K, reserved 1048576K
}

